Loading file "layer_assumed_barrett.saw"
layer_assumed_barrett.saw:29:1-29:44: Warning: Monadic bind of non-monadic value; rewrite as let-binding or use return
layer_assumed_barrett.saw:29:1-29:44: Warning: This will become an error in a future release of SAW
Verifying ml_dsa/b7ee2aad::ntt[0]::ntt_layer[0]::_inst4c08bb177e505583[0] ...
Simulating ml_dsa/b7ee2aad::ntt[0]::ntt_layer[0]::_inst4c08bb177e505583[0] ...
Matching 1 overrides of  ml_dsa/b7ee2aad::algebra[0]::{impl#6}[0]::barrett_reduce[0] ...
Branching on 1 override variants of ml_dsa/b7ee2aad::algebra[0]::{impl#6}[0]::barrett_reduce[0] ...
Applied override! ml_dsa/b7ee2aad::algebra[0]::{impl#6}[0]::barrett_reduce[0]
Matching 1 overrides of  ml_dsa/b7ee2aad::algebra[0]::{impl#6}[0]::barrett_reduce[0] ...
Branching on 1 override variants of ml_dsa/b7ee2aad::algebra[0]::{impl#6}[0]::barrett_reduce[0] ...
Applied override! ml_dsa/b7ee2aad::algebra[0]::{impl#6}[0]::barrett_reduce[0]
Matching 1 overrides of  ml_dsa/b7ee2aad::algebra[0]::{impl#6}[0]::barrett_reduce[0] ...
Branching on 1 override variants of ml_dsa/b7ee2aad::algebra[0]::{impl#6}[0]::barrett_reduce[0] ...
Applied override! ml_dsa/b7ee2aad::algebra[0]::{impl#6}[0]::barrett_reduce[0]
Matching 1 overrides of  ml_dsa/b7ee2aad::algebra[0]::{impl#6}[0]::barrett_reduce[0] ...
Branching on 1 override variants of ml_dsa/b7ee2aad::algebra[0]::{impl#6}[0]::barrett_reduce[0] ...
Applied override! ml_dsa/b7ee2aad::algebra[0]::{impl#6}[0]::barrett_reduce[0]
Matching 1 overrides of  ml_dsa/b7ee2aad::algebra[0]::{impl#6}[0]::barrett_reduce[0] ...
Branching on 1 override variants of ml_dsa/b7ee2aad::algebra[0]::{impl#6}[0]::barrett_reduce[0] ...
Applied override! ml_dsa/b7ee2aad::algebra[0]::{impl#6}[0]::barrett_reduce[0]
Matching 1 overrides of  ml_dsa/b7ee2aad::algebra[0]::{impl#6}[0]::barrett_reduce[0] ...
Branching on 1 override variants of ml_dsa/b7ee2aad::algebra[0]::{impl#6}[0]::barrett_reduce[0] ...
Applied override! ml_dsa/b7ee2aad::algebra[0]::{impl#6}[0]::barrett_reduce[0]
Matching 1 overrides of  ml_dsa/b7ee2aad::algebra[0]::{impl#6}[0]::barrett_reduce[0] ...
Branching on 1 override variants of ml_dsa/b7ee2aad::algebra[0]::{impl#6}[0]::barrett_reduce[0] ...
Applied override! ml_dsa/b7ee2aad::algebra[0]::{impl#6}[0]::barrett_reduce[0]
Matching 1 overrides of  ml_dsa/b7ee2aad::algebra[0]::{impl#6}[0]::barrett_reduce[0] ...
Branching on 1 override variants of ml_dsa/b7ee2aad::algebra[0]::{impl#6}[0]::barrett_reduce[0] ...
Applied override! ml_dsa/b7ee2aad::algebra[0]::{impl#6}[0]::barrett_reduce[0]
Matching 1 overrides of  ml_dsa/b7ee2aad::algebra[0]::{impl#6}[0]::barrett_reduce[0] ...
Branching on 1 override variants of ml_dsa/b7ee2aad::algebra[0]::{impl#6}[0]::barrett_reduce[0] ...
Applied override! ml_dsa/b7ee2aad::algebra[0]::{impl#6}[0]::barrett_reduce[0]
Matching 1 overrides of  ml_dsa/b7ee2aad::algebra[0]::{impl#6}[0]::barrett_reduce[0] ...
Branching on 1 override variants of ml_dsa/b7ee2aad::algebra[0]::{impl#6}[0]::barrett_reduce[0] ...
Applied override! ml_dsa/b7ee2aad::algebra[0]::{impl#6}[0]::barrett_reduce[0]
Matching 1 overrides of  ml_dsa/b7ee2aad::algebra[0]::{impl#6}[0]::barrett_reduce[0] ...
Branching on 1 override variants of ml_dsa/b7ee2aad::algebra[0]::{impl#6}[0]::barrett_reduce[0] ...
Applied override! ml_dsa/b7ee2aad::algebra[0]::{impl#6}[0]::barrett_reduce[0]
Matching 1 overrides of  ml_dsa/b7ee2aad::algebra[0]::{impl#6}[0]::barrett_reduce[0] ...
Branching on 1 override variants of ml_dsa/b7ee2aad::algebra[0]::{impl#6}[0]::barrett_reduce[0] ...
Applied override! ml_dsa/b7ee2aad::algebra[0]::{impl#6}[0]::barrett_reduce[0]
Matching 1 overrides of  ml_dsa/b7ee2aad::algebra[0]::{impl#6}[0]::barrett_reduce[0] ...
Branching on 1 override variants of ml_dsa/b7ee2aad::algebra[0]::{impl#6}[0]::barrett_reduce[0] ...
Applied override! ml_dsa/b7ee2aad::algebra[0]::{impl#6}[0]::barrett_reduce[0]
Matching 1 overrides of  ml_dsa/b7ee2aad::algebra[0]::{impl#6}[0]::barrett_reduce[0] ...
Branching on 1 override variants of ml_dsa/b7ee2aad::algebra[0]::{impl#6}[0]::barrett_reduce[0] ...
Applied override! ml_dsa/b7ee2aad::algebra[0]::{impl#6}[0]::barrett_reduce[0]
Matching 1 overrides of  ml_dsa/b7ee2aad::algebra[0]::{impl#6}[0]::barrett_reduce[0] ...
Branching on 1 override variants of ml_dsa/b7ee2aad::algebra[0]::{impl#6}[0]::barrett_reduce[0] ...
Applied override! ml_dsa/b7ee2aad::algebra[0]::{impl#6}[0]::barrett_reduce[0]
Matching 1 overrides of  ml_dsa/b7ee2aad::algebra[0]::{impl#6}[0]::barrett_reduce[0] ...
Branching on 1 override variants of ml_dsa/b7ee2aad::algebra[0]::{impl#6}[0]::barrett_reduce[0] ...
Applied override! ml_dsa/b7ee2aad::algebra[0]::{impl#6}[0]::barrett_reduce[0]
Matching 1 overrides of  ml_dsa/b7ee2aad::algebra[0]::{impl#6}[0]::barrett_reduce[0] ...
Branching on 1 override variants of ml_dsa/b7ee2aad::algebra[0]::{impl#6}[0]::barrett_reduce[0] ...
Applied override! ml_dsa/b7ee2aad::algebra[0]::{impl#6}[0]::barrett_reduce[0]
Matching 1 overrides of  ml_dsa/b7ee2aad::algebra[0]::{impl#6}[0]::barrett_reduce[0] ...
Branching on 1 override variants of ml_dsa/b7ee2aad::algebra[0]::{impl#6}[0]::barrett_reduce[0] ...
Applied override! ml_dsa/b7ee2aad::algebra[0]::{impl#6}[0]::barrett_reduce[0]
Matching 1 overrides of  ml_dsa/b7ee2aad::algebra[0]::{impl#6}[0]::barrett_reduce[0] ...
Branching on 1 override variants of ml_dsa/b7ee2aad::algebra[0]::{impl#6}[0]::barrett_reduce[0] ...
Applied override! ml_dsa/b7ee2aad::algebra[0]::{impl#6}[0]::barrett_reduce[0]
Matching 1 overrides of  ml_dsa/b7ee2aad::algebra[0]::{impl#6}[0]::barrett_reduce[0] ...
Branching on 1 override variants of ml_dsa/b7ee2aad::algebra[0]::{impl#6}[0]::barrett_reduce[0] ...
Applied override! ml_dsa/b7ee2aad::algebra[0]::{impl#6}[0]::barrett_reduce[0]
Matching 1 overrides of  ml_dsa/b7ee2aad::algebra[0]::{impl#6}[0]::barrett_reduce[0] ...
Branching on 1 override variants of ml_dsa/b7ee2aad::algebra[0]::{impl#6}[0]::barrett_reduce[0] ...
Applied override! ml_dsa/b7ee2aad::algebra[0]::{impl#6}[0]::barrett_reduce[0]
Matching 1 overrides of  ml_dsa/b7ee2aad::algebra[0]::{impl#6}[0]::barrett_reduce[0] ...
Branching on 1 override variants of ml_dsa/b7ee2aad::algebra[0]::{impl#6}[0]::barrett_reduce[0] ...
Applied override! ml_dsa/b7ee2aad::algebra[0]::{impl#6}[0]::barrett_reduce[0]
Matching 1 overrides of  ml_dsa/b7ee2aad::algebra[0]::{impl#6}[0]::barrett_reduce[0] ...
Branching on 1 override variants of ml_dsa/b7ee2aad::algebra[0]::{impl#6}[0]::barrett_reduce[0] ...
Applied override! ml_dsa/b7ee2aad::algebra[0]::{impl#6}[0]::barrett_reduce[0]
Matching 1 overrides of  ml_dsa/b7ee2aad::algebra[0]::{impl#6}[0]::barrett_reduce[0] ...
Branching on 1 override variants of ml_dsa/b7ee2aad::algebra[0]::{impl#6}[0]::barrett_reduce[0] ...
Applied override! ml_dsa/b7ee2aad::algebra[0]::{impl#6}[0]::barrett_reduce[0]
Matching 1 overrides of  ml_dsa/b7ee2aad::algebra[0]::{impl#6}[0]::barrett_reduce[0] ...
Branching on 1 override variants of ml_dsa/b7ee2aad::algebra[0]::{impl#6}[0]::barrett_reduce[0] ...
Applied override! ml_dsa/b7ee2aad::algebra[0]::{impl#6}[0]::barrett_reduce[0]
Matching 1 overrides of  ml_dsa/b7ee2aad::algebra[0]::{impl#6}[0]::barrett_reduce[0] ...
Branching on 1 override variants of ml_dsa/b7ee2aad::algebra[0]::{impl#6}[0]::barrett_reduce[0] ...
Applied override! ml_dsa/b7ee2aad::algebra[0]::{impl#6}[0]::barrett_reduce[0]
Matching 1 overrides of  ml_dsa/b7ee2aad::algebra[0]::{impl#6}[0]::barrett_reduce[0] ...
Branching on 1 override variants of ml_dsa/b7ee2aad::algebra[0]::{impl#6}[0]::barrett_reduce[0] ...
Applied override! ml_dsa/b7ee2aad::algebra[0]::{impl#6}[0]::barrett_reduce[0]
Matching 1 overrides of  ml_dsa/b7ee2aad::algebra[0]::{impl#6}[0]::barrett_reduce[0] ...
Branching on 1 override variants of ml_dsa/b7ee2aad::algebra[0]::{impl#6}[0]::barrett_reduce[0] ...
Applied override! ml_dsa/b7ee2aad::algebra[0]::{impl#6}[0]::barrett_reduce[0]
Matching 1 overrides of  ml_dsa/b7ee2aad::algebra[0]::{impl#6}[0]::barrett_reduce[0] ...
Branching on 1 override variants of ml_dsa/b7ee2aad::algebra[0]::{impl#6}[0]::barrett_reduce[0] ...
Applied override! ml_dsa/b7ee2aad::algebra[0]::{impl#6}[0]::barrett_reduce[0]
Matching 1 overrides of  ml_dsa/b7ee2aad::algebra[0]::{impl#6}[0]::barrett_reduce[0] ...
Branching on 1 override variants of ml_dsa/b7ee2aad::algebra[0]::{impl#6}[0]::barrett_reduce[0] ...
Applied override! ml_dsa/b7ee2aad::algebra[0]::{impl#6}[0]::barrett_reduce[0]
Matching 1 overrides of  ml_dsa/b7ee2aad::algebra[0]::{impl#6}[0]::barrett_reduce[0] ...
Branching on 1 override variants of ml_dsa/b7ee2aad::algebra[0]::{impl#6}[0]::barrett_reduce[0] ...
Applied override! ml_dsa/b7ee2aad::algebra[0]::{impl#6}[0]::barrett_reduce[0]
Matching 1 overrides of  ml_dsa/b7ee2aad::algebra[0]::{impl#6}[0]::barrett_reduce[0] ...
Branching on 1 override variants of ml_dsa/b7ee2aad::algebra[0]::{impl#6}[0]::barrett_reduce[0] ...
Applied override! ml_dsa/b7ee2aad::algebra[0]::{impl#6}[0]::barrett_reduce[0]
Matching 1 overrides of  ml_dsa/b7ee2aad::algebra[0]::{impl#6}[0]::barrett_reduce[0] ...
Branching on 1 override variants of ml_dsa/b7ee2aad::algebra[0]::{impl#6}[0]::barrett_reduce[0] ...
Applied override! ml_dsa/b7ee2aad::algebra[0]::{impl#6}[0]::barrett_reduce[0]
Matching 1 overrides of  ml_dsa/b7ee2aad::algebra[0]::{impl#6}[0]::barrett_reduce[0] ...
Branching on 1 override variants of ml_dsa/b7ee2aad::algebra[0]::{impl#6}[0]::barrett_reduce[0] ...
Applied override! ml_dsa/b7ee2aad::algebra[0]::{impl#6}[0]::barrett_reduce[0]
Matching 1 overrides of  ml_dsa/b7ee2aad::algebra[0]::{impl#6}[0]::barrett_reduce[0] ...
Branching on 1 override variants of ml_dsa/b7ee2aad::algebra[0]::{impl#6}[0]::barrett_reduce[0] ...
Applied override! ml_dsa/b7ee2aad::algebra[0]::{impl#6}[0]::barrett_reduce[0]
Matching 1 overrides of  ml_dsa/b7ee2aad::algebra[0]::{impl#6}[0]::barrett_reduce[0] ...
Branching on 1 override variants of ml_dsa/b7ee2aad::algebra[0]::{impl#6}[0]::barrett_reduce[0] ...
Applied override! ml_dsa/b7ee2aad::algebra[0]::{impl#6}[0]::barrett_reduce[0]
Matching 1 overrides of  ml_dsa/b7ee2aad::algebra[0]::{impl#6}[0]::barrett_reduce[0] ...
Branching on 1 override variants of ml_dsa/b7ee2aad::algebra[0]::{impl#6}[0]::barrett_reduce[0] ...
Applied override! ml_dsa/b7ee2aad::algebra[0]::{impl#6}[0]::barrett_reduce[0]
Matching 1 overrides of  ml_dsa/b7ee2aad::algebra[0]::{impl#6}[0]::barrett_reduce[0] ...
Branching on 1 override variants of ml_dsa/b7ee2aad::algebra[0]::{impl#6}[0]::barrett_reduce[0] ...
Applied override! ml_dsa/b7ee2aad::algebra[0]::{impl#6}[0]::barrett_reduce[0]
Matching 1 overrides of  ml_dsa/b7ee2aad::algebra[0]::{impl#6}[0]::barrett_reduce[0] ...
Branching on 1 override variants of ml_dsa/b7ee2aad::algebra[0]::{impl#6}[0]::barrett_reduce[0] ...
Applied override! ml_dsa/b7ee2aad::algebra[0]::{impl#6}[0]::barrett_reduce[0]
Matching 1 overrides of  ml_dsa/b7ee2aad::algebra[0]::{impl#6}[0]::barrett_reduce[0] ...
Branching on 1 override variants of ml_dsa/b7ee2aad::algebra[0]::{impl#6}[0]::barrett_reduce[0] ...
Applied override! ml_dsa/b7ee2aad::algebra[0]::{impl#6}[0]::barrett_reduce[0]
Matching 1 overrides of  ml_dsa/b7ee2aad::algebra[0]::{impl#6}[0]::barrett_reduce[0] ...
Branching on 1 override variants of ml_dsa/b7ee2aad::algebra[0]::{impl#6}[0]::barrett_reduce[0] ...
Applied override! ml_dsa/b7ee2aad::algebra[0]::{impl#6}[0]::barrett_reduce[0]
Matching 1 overrides of  ml_dsa/b7ee2aad::algebra[0]::{impl#6}[0]::barrett_reduce[0] ...
Branching on 1 override variants of ml_dsa/b7ee2aad::algebra[0]::{impl#6}[0]::barrett_reduce[0] ...
Applied override! ml_dsa/b7ee2aad::algebra[0]::{impl#6}[0]::barrett_reduce[0]
Matching 1 overrides of  ml_dsa/b7ee2aad::algebra[0]::{impl#6}[0]::barrett_reduce[0] ...
Branching on 1 override variants of ml_dsa/b7ee2aad::algebra[0]::{impl#6}[0]::barrett_reduce[0] ...
Applied override! ml_dsa/b7ee2aad::algebra[0]::{impl#6}[0]::barrett_reduce[0]
Matching 1 overrides of  ml_dsa/b7ee2aad::algebra[0]::{impl#6}[0]::barrett_reduce[0] ...
Branching on 1 override variants of ml_dsa/b7ee2aad::algebra[0]::{impl#6}[0]::barrett_reduce[0] ...
Applied override! ml_dsa/b7ee2aad::algebra[0]::{impl#6}[0]::barrett_reduce[0]
Matching 1 overrides of  ml_dsa/b7ee2aad::algebra[0]::{impl#6}[0]::barrett_reduce[0] ...
Branching on 1 override variants of ml_dsa/b7ee2aad::algebra[0]::{impl#6}[0]::barrett_reduce[0] ...
Applied override! ml_dsa/b7ee2aad::algebra[0]::{impl#6}[0]::barrett_reduce[0]
Matching 1 overrides of  ml_dsa/b7ee2aad::algebra[0]::{impl#6}[0]::barrett_reduce[0] ...
Branching on 1 override variants of ml_dsa/b7ee2aad::algebra[0]::{impl#6}[0]::barrett_reduce[0] ...
Applied override! ml_dsa/b7ee2aad::algebra[0]::{impl#6}[0]::barrett_reduce[0]
Matching 1 overrides of  ml_dsa/b7ee2aad::algebra[0]::{impl#6}[0]::barrett_reduce[0] ...
Branching on 1 override variants of ml_dsa/b7ee2aad::algebra[0]::{impl#6}[0]::barrett_reduce[0] ...
Applied override! ml_dsa/b7ee2aad::algebra[0]::{impl#6}[0]::barrett_reduce[0]
Matching 1 overrides of  ml_dsa/b7ee2aad::algebra[0]::{impl#6}[0]::barrett_reduce[0] ...
Branching on 1 override variants of ml_dsa/b7ee2aad::algebra[0]::{impl#6}[0]::barrett_reduce[0] ...
Applied override! ml_dsa/b7ee2aad::algebra[0]::{impl#6}[0]::barrett_reduce[0]
Matching 1 overrides of  ml_dsa/b7ee2aad::algebra[0]::{impl#6}[0]::barrett_reduce[0] ...
Branching on 1 override variants of ml_dsa/b7ee2aad::algebra[0]::{impl#6}[0]::barrett_reduce[0] ...
Applied override! ml_dsa/b7ee2aad::algebra[0]::{impl#6}[0]::barrett_reduce[0]
Matching 1 overrides of  ml_dsa/b7ee2aad::algebra[0]::{impl#6}[0]::barrett_reduce[0] ...
Branching on 1 override variants of ml_dsa/b7ee2aad::algebra[0]::{impl#6}[0]::barrett_reduce[0] ...
Applied override! ml_dsa/b7ee2aad::algebra[0]::{impl#6}[0]::barrett_reduce[0]
Matching 1 overrides of  ml_dsa/b7ee2aad::algebra[0]::{impl#6}[0]::barrett_reduce[0] ...
Branching on 1 override variants of ml_dsa/b7ee2aad::algebra[0]::{impl#6}[0]::barrett_reduce[0] ...
Applied override! ml_dsa/b7ee2aad::algebra[0]::{impl#6}[0]::barrett_reduce[0]
Matching 1 overrides of  ml_dsa/b7ee2aad::algebra[0]::{impl#6}[0]::barrett_reduce[0] ...
Branching on 1 override variants of ml_dsa/b7ee2aad::algebra[0]::{impl#6}[0]::barrett_reduce[0] ...
Applied override! ml_dsa/b7ee2aad::algebra[0]::{impl#6}[0]::barrett_reduce[0]
Matching 1 overrides of  ml_dsa/b7ee2aad::algebra[0]::{impl#6}[0]::barrett_reduce[0] ...
Branching on 1 override variants of ml_dsa/b7ee2aad::algebra[0]::{impl#6}[0]::barrett_reduce[0] ...
Applied override! ml_dsa/b7ee2aad::algebra[0]::{impl#6}[0]::barrett_reduce[0]
Matching 1 overrides of  ml_dsa/b7ee2aad::algebra[0]::{impl#6}[0]::barrett_reduce[0] ...
Branching on 1 override variants of ml_dsa/b7ee2aad::algebra[0]::{impl#6}[0]::barrett_reduce[0] ...
Applied override! ml_dsa/b7ee2aad::algebra[0]::{impl#6}[0]::barrett_reduce[0]
Matching 1 overrides of  ml_dsa/b7ee2aad::algebra[0]::{impl#6}[0]::barrett_reduce[0] ...
Branching on 1 override variants of ml_dsa/b7ee2aad::algebra[0]::{impl#6}[0]::barrett_reduce[0] ...
Applied override! ml_dsa/b7ee2aad::algebra[0]::{impl#6}[0]::barrett_reduce[0]
Matching 1 overrides of  ml_dsa/b7ee2aad::algebra[0]::{impl#6}[0]::barrett_reduce[0] ...
Branching on 1 override variants of ml_dsa/b7ee2aad::algebra[0]::{impl#6}[0]::barrett_reduce[0] ...
Applied override! ml_dsa/b7ee2aad::algebra[0]::{impl#6}[0]::barrett_reduce[0]
Matching 1 overrides of  ml_dsa/b7ee2aad::algebra[0]::{impl#6}[0]::barrett_reduce[0] ...
Branching on 1 override variants of ml_dsa/b7ee2aad::algebra[0]::{impl#6}[0]::barrett_reduce[0] ...
Applied override! ml_dsa/b7ee2aad::algebra[0]::{impl#6}[0]::barrett_reduce[0]
Matching 1 overrides of  ml_dsa/b7ee2aad::algebra[0]::{impl#6}[0]::barrett_reduce[0] ...
Branching on 1 override variants of ml_dsa/b7ee2aad::algebra[0]::{impl#6}[0]::barrett_reduce[0] ...
Applied override! ml_dsa/b7ee2aad::algebra[0]::{impl#6}[0]::barrett_reduce[0]
Matching 1 overrides of  ml_dsa/b7ee2aad::algebra[0]::{impl#6}[0]::barrett_reduce[0] ...
Branching on 1 override variants of ml_dsa/b7ee2aad::algebra[0]::{impl#6}[0]::barrett_reduce[0] ...
Applied override! ml_dsa/b7ee2aad::algebra[0]::{impl#6}[0]::barrett_reduce[0]
Matching 1 overrides of  ml_dsa/b7ee2aad::algebra[0]::{impl#6}[0]::barrett_reduce[0] ...
Branching on 1 override variants of ml_dsa/b7ee2aad::algebra[0]::{impl#6}[0]::barrett_reduce[0] ...
Applied override! ml_dsa/b7ee2aad::algebra[0]::{impl#6}[0]::barrett_reduce[0]
Matching 1 overrides of  ml_dsa/b7ee2aad::algebra[0]::{impl#6}[0]::barrett_reduce[0] ...
Branching on 1 override variants of ml_dsa/b7ee2aad::algebra[0]::{impl#6}[0]::barrett_reduce[0] ...
Applied override! ml_dsa/b7ee2aad::algebra[0]::{impl#6}[0]::barrett_reduce[0]
Matching 1 overrides of  ml_dsa/b7ee2aad::algebra[0]::{impl#6}[0]::barrett_reduce[0] ...
Branching on 1 override variants of ml_dsa/b7ee2aad::algebra[0]::{impl#6}[0]::barrett_reduce[0] ...
Applied override! ml_dsa/b7ee2aad::algebra[0]::{impl#6}[0]::barrett_reduce[0]
Matching 1 overrides of  ml_dsa/b7ee2aad::algebra[0]::{impl#6}[0]::barrett_reduce[0] ...
Branching on 1 override variants of ml_dsa/b7ee2aad::algebra[0]::{impl#6}[0]::barrett_reduce[0] ...
Applied override! ml_dsa/b7ee2aad::algebra[0]::{impl#6}[0]::barrett_reduce[0]
Matching 1 overrides of  ml_dsa/b7ee2aad::algebra[0]::{impl#6}[0]::barrett_reduce[0] ...
Branching on 1 override variants of ml_dsa/b7ee2aad::algebra[0]::{impl#6}[0]::barrett_reduce[0] ...
Applied override! ml_dsa/b7ee2aad::algebra[0]::{impl#6}[0]::barrett_reduce[0]
Matching 1 overrides of  ml_dsa/b7ee2aad::algebra[0]::{impl#6}[0]::barrett_reduce[0] ...
Branching on 1 override variants of ml_dsa/b7ee2aad::algebra[0]::{impl#6}[0]::barrett_reduce[0] ...
Applied override! ml_dsa/b7ee2aad::algebra[0]::{impl#6}[0]::barrett_reduce[0]
Matching 1 overrides of  ml_dsa/b7ee2aad::algebra[0]::{impl#6}[0]::barrett_reduce[0] ...
Branching on 1 override variants of ml_dsa/b7ee2aad::algebra[0]::{impl#6}[0]::barrett_reduce[0] ...
Applied override! ml_dsa/b7ee2aad::algebra[0]::{impl#6}[0]::barrett_reduce[0]
Matching 1 overrides of  ml_dsa/b7ee2aad::algebra[0]::{impl#6}[0]::barrett_reduce[0] ...
Branching on 1 override variants of ml_dsa/b7ee2aad::algebra[0]::{impl#6}[0]::barrett_reduce[0] ...
Applied override! ml_dsa/b7ee2aad::algebra[0]::{impl#6}[0]::barrett_reduce[0]
Matching 1 overrides of  ml_dsa/b7ee2aad::algebra[0]::{impl#6}[0]::barrett_reduce[0] ...
Branching on 1 override variants of ml_dsa/b7ee2aad::algebra[0]::{impl#6}[0]::barrett_reduce[0] ...
Applied override! ml_dsa/b7ee2aad::algebra[0]::{impl#6}[0]::barrett_reduce[0]
Matching 1 overrides of  ml_dsa/b7ee2aad::algebra[0]::{impl#6}[0]::barrett_reduce[0] ...
Branching on 1 override variants of ml_dsa/b7ee2aad::algebra[0]::{impl#6}[0]::barrett_reduce[0] ...
Applied override! ml_dsa/b7ee2aad::algebra[0]::{impl#6}[0]::barrett_reduce[0]
Matching 1 overrides of  ml_dsa/b7ee2aad::algebra[0]::{impl#6}[0]::barrett_reduce[0] ...
Branching on 1 override variants of ml_dsa/b7ee2aad::algebra[0]::{impl#6}[0]::barrett_reduce[0] ...
Applied override! ml_dsa/b7ee2aad::algebra[0]::{impl#6}[0]::barrett_reduce[0]
Matching 1 overrides of  ml_dsa/b7ee2aad::algebra[0]::{impl#6}[0]::barrett_reduce[0] ...
Branching on 1 override variants of ml_dsa/b7ee2aad::algebra[0]::{impl#6}[0]::barrett_reduce[0] ...
Applied override! ml_dsa/b7ee2aad::algebra[0]::{impl#6}[0]::barrett_reduce[0]
Matching 1 overrides of  ml_dsa/b7ee2aad::algebra[0]::{impl#6}[0]::barrett_reduce[0] ...
Branching on 1 override variants of ml_dsa/b7ee2aad::algebra[0]::{impl#6}[0]::barrett_reduce[0] ...
Applied override! ml_dsa/b7ee2aad::algebra[0]::{impl#6}[0]::barrett_reduce[0]
Matching 1 overrides of  ml_dsa/b7ee2aad::algebra[0]::{impl#6}[0]::barrett_reduce[0] ...
Branching on 1 override variants of ml_dsa/b7ee2aad::algebra[0]::{impl#6}[0]::barrett_reduce[0] ...
Applied override! ml_dsa/b7ee2aad::algebra[0]::{impl#6}[0]::barrett_reduce[0]
Matching 1 overrides of  ml_dsa/b7ee2aad::algebra[0]::{impl#6}[0]::barrett_reduce[0] ...
Branching on 1 override variants of ml_dsa/b7ee2aad::algebra[0]::{impl#6}[0]::barrett_reduce[0] ...
Applied override! ml_dsa/b7ee2aad::algebra[0]::{impl#6}[0]::barrett_reduce[0]
Matching 1 overrides of  ml_dsa/b7ee2aad::algebra[0]::{impl#6}[0]::barrett_reduce[0] ...
Branching on 1 override variants of ml_dsa/b7ee2aad::algebra[0]::{impl#6}[0]::barrett_reduce[0] ...
Applied override! ml_dsa/b7ee2aad::algebra[0]::{impl#6}[0]::barrett_reduce[0]
Matching 1 overrides of  ml_dsa/b7ee2aad::algebra[0]::{impl#6}[0]::barrett_reduce[0] ...
Branching on 1 override variants of ml_dsa/b7ee2aad::algebra[0]::{impl#6}[0]::barrett_reduce[0] ...
Applied override! ml_dsa/b7ee2aad::algebra[0]::{impl#6}[0]::barrett_reduce[0]
Matching 1 overrides of  ml_dsa/b7ee2aad::algebra[0]::{impl#6}[0]::barrett_reduce[0] ...
Branching on 1 override variants of ml_dsa/b7ee2aad::algebra[0]::{impl#6}[0]::barrett_reduce[0] ...
Applied override! ml_dsa/b7ee2aad::algebra[0]::{impl#6}[0]::barrett_reduce[0]
Matching 1 overrides of  ml_dsa/b7ee2aad::algebra[0]::{impl#6}[0]::barrett_reduce[0] ...
Branching on 1 override variants of ml_dsa/b7ee2aad::algebra[0]::{impl#6}[0]::barrett_reduce[0] ...
Applied override! ml_dsa/b7ee2aad::algebra[0]::{impl#6}[0]::barrett_reduce[0]
Matching 1 overrides of  ml_dsa/b7ee2aad::algebra[0]::{impl#6}[0]::barrett_reduce[0] ...
Branching on 1 override variants of ml_dsa/b7ee2aad::algebra[0]::{impl#6}[0]::barrett_reduce[0] ...
Applied override! ml_dsa/b7ee2aad::algebra[0]::{impl#6}[0]::barrett_reduce[0]
Matching 1 overrides of  ml_dsa/b7ee2aad::algebra[0]::{impl#6}[0]::barrett_reduce[0] ...
Branching on 1 override variants of ml_dsa/b7ee2aad::algebra[0]::{impl#6}[0]::barrett_reduce[0] ...
Applied override! ml_dsa/b7ee2aad::algebra[0]::{impl#6}[0]::barrett_reduce[0]
Matching 1 overrides of  ml_dsa/b7ee2aad::algebra[0]::{impl#6}[0]::barrett_reduce[0] ...
Branching on 1 override variants of ml_dsa/b7ee2aad::algebra[0]::{impl#6}[0]::barrett_reduce[0] ...
Applied override! ml_dsa/b7ee2aad::algebra[0]::{impl#6}[0]::barrett_reduce[0]
Matching 1 overrides of  ml_dsa/b7ee2aad::algebra[0]::{impl#6}[0]::barrett_reduce[0] ...
Branching on 1 override variants of ml_dsa/b7ee2aad::algebra[0]::{impl#6}[0]::barrett_reduce[0] ...
Applied override! ml_dsa/b7ee2aad::algebra[0]::{impl#6}[0]::barrett_reduce[0]
Matching 1 overrides of  ml_dsa/b7ee2aad::algebra[0]::{impl#6}[0]::barrett_reduce[0] ...
Branching on 1 override variants of ml_dsa/b7ee2aad::algebra[0]::{impl#6}[0]::barrett_reduce[0] ...
Applied override! ml_dsa/b7ee2aad::algebra[0]::{impl#6}[0]::barrett_reduce[0]
Matching 1 overrides of  ml_dsa/b7ee2aad::algebra[0]::{impl#6}[0]::barrett_reduce[0] ...
Branching on 1 override variants of ml_dsa/b7ee2aad::algebra[0]::{impl#6}[0]::barrett_reduce[0] ...
Applied override! ml_dsa/b7ee2aad::algebra[0]::{impl#6}[0]::barrett_reduce[0]
Matching 1 overrides of  ml_dsa/b7ee2aad::algebra[0]::{impl#6}[0]::barrett_reduce[0] ...
Branching on 1 override variants of ml_dsa/b7ee2aad::algebra[0]::{impl#6}[0]::barrett_reduce[0] ...
Applied override! ml_dsa/b7ee2aad::algebra[0]::{impl#6}[0]::barrett_reduce[0]
Matching 1 overrides of  ml_dsa/b7ee2aad::algebra[0]::{impl#6}[0]::barrett_reduce[0] ...
Branching on 1 override variants of ml_dsa/b7ee2aad::algebra[0]::{impl#6}[0]::barrett_reduce[0] ...
Applied override! ml_dsa/b7ee2aad::algebra[0]::{impl#6}[0]::barrett_reduce[0]
Matching 1 overrides of  ml_dsa/b7ee2aad::algebra[0]::{impl#6}[0]::barrett_reduce[0] ...
Branching on 1 override variants of ml_dsa/b7ee2aad::algebra[0]::{impl#6}[0]::barrett_reduce[0] ...
Applied override! ml_dsa/b7ee2aad::algebra[0]::{impl#6}[0]::barrett_reduce[0]
Matching 1 overrides of  ml_dsa/b7ee2aad::algebra[0]::{impl#6}[0]::barrett_reduce[0] ...
Branching on 1 override variants of ml_dsa/b7ee2aad::algebra[0]::{impl#6}[0]::barrett_reduce[0] ...
Applied override! ml_dsa/b7ee2aad::algebra[0]::{impl#6}[0]::barrett_reduce[0]
Matching 1 overrides of  ml_dsa/b7ee2aad::algebra[0]::{impl#6}[0]::barrett_reduce[0] ...
Branching on 1 override variants of ml_dsa/b7ee2aad::algebra[0]::{impl#6}[0]::barrett_reduce[0] ...
Applied override! ml_dsa/b7ee2aad::algebra[0]::{impl#6}[0]::barrett_reduce[0]
Matching 1 overrides of  ml_dsa/b7ee2aad::algebra[0]::{impl#6}[0]::barrett_reduce[0] ...
Branching on 1 override variants of ml_dsa/b7ee2aad::algebra[0]::{impl#6}[0]::barrett_reduce[0] ...
Applied override! ml_dsa/b7ee2aad::algebra[0]::{impl#6}[0]::barrett_reduce[0]
Matching 1 overrides of  ml_dsa/b7ee2aad::algebra[0]::{impl#6}[0]::barrett_reduce[0] ...
Branching on 1 override variants of ml_dsa/b7ee2aad::algebra[0]::{impl#6}[0]::barrett_reduce[0] ...
Applied override! ml_dsa/b7ee2aad::algebra[0]::{impl#6}[0]::barrett_reduce[0]
Matching 1 overrides of  ml_dsa/b7ee2aad::algebra[0]::{impl#6}[0]::barrett_reduce[0] ...
Branching on 1 override variants of ml_dsa/b7ee2aad::algebra[0]::{impl#6}[0]::barrett_reduce[0] ...
Applied override! ml_dsa/b7ee2aad::algebra[0]::{impl#6}[0]::barrett_reduce[0]
Matching 1 overrides of  ml_dsa/b7ee2aad::algebra[0]::{impl#6}[0]::barrett_reduce[0] ...
Branching on 1 override variants of ml_dsa/b7ee2aad::algebra[0]::{impl#6}[0]::barrett_reduce[0] ...
Applied override! ml_dsa/b7ee2aad::algebra[0]::{impl#6}[0]::barrett_reduce[0]
Matching 1 overrides of  ml_dsa/b7ee2aad::algebra[0]::{impl#6}[0]::barrett_reduce[0] ...
Branching on 1 override variants of ml_dsa/b7ee2aad::algebra[0]::{impl#6}[0]::barrett_reduce[0] ...
Applied override! ml_dsa/b7ee2aad::algebra[0]::{impl#6}[0]::barrett_reduce[0]
Matching 1 overrides of  ml_dsa/b7ee2aad::algebra[0]::{impl#6}[0]::barrett_reduce[0] ...
Branching on 1 override variants of ml_dsa/b7ee2aad::algebra[0]::{impl#6}[0]::barrett_reduce[0] ...
Applied override! ml_dsa/b7ee2aad::algebra[0]::{impl#6}[0]::barrett_reduce[0]
Matching 1 overrides of  ml_dsa/b7ee2aad::algebra[0]::{impl#6}[0]::barrett_reduce[0] ...
Branching on 1 override variants of ml_dsa/b7ee2aad::algebra[0]::{impl#6}[0]::barrett_reduce[0] ...
Applied override! ml_dsa/b7ee2aad::algebra[0]::{impl#6}[0]::barrett_reduce[0]
Matching 1 overrides of  ml_dsa/b7ee2aad::algebra[0]::{impl#6}[0]::barrett_reduce[0] ...
Branching on 1 override variants of ml_dsa/b7ee2aad::algebra[0]::{impl#6}[0]::barrett_reduce[0] ...
Applied override! ml_dsa/b7ee2aad::algebra[0]::{impl#6}[0]::barrett_reduce[0]
Matching 1 overrides of  ml_dsa/b7ee2aad::algebra[0]::{impl#6}[0]::barrett_reduce[0] ...
Branching on 1 override variants of ml_dsa/b7ee2aad::algebra[0]::{impl#6}[0]::barrett_reduce[0] ...
Applied override! ml_dsa/b7ee2aad::algebra[0]::{impl#6}[0]::barrett_reduce[0]
Matching 1 overrides of  ml_dsa/b7ee2aad::algebra[0]::{impl#6}[0]::barrett_reduce[0] ...
Branching on 1 override variants of ml_dsa/b7ee2aad::algebra[0]::{impl#6}[0]::barrett_reduce[0] ...
Applied override! ml_dsa/b7ee2aad::algebra[0]::{impl#6}[0]::barrett_reduce[0]
Matching 1 overrides of  ml_dsa/b7ee2aad::algebra[0]::{impl#6}[0]::barrett_reduce[0] ...
Branching on 1 override variants of ml_dsa/b7ee2aad::algebra[0]::{impl#6}[0]::barrett_reduce[0] ...
Applied override! ml_dsa/b7ee2aad::algebra[0]::{impl#6}[0]::barrett_reduce[0]
Matching 1 overrides of  ml_dsa/b7ee2aad::algebra[0]::{impl#6}[0]::barrett_reduce[0] ...
Branching on 1 override variants of ml_dsa/b7ee2aad::algebra[0]::{impl#6}[0]::barrett_reduce[0] ...
Applied override! ml_dsa/b7ee2aad::algebra[0]::{impl#6}[0]::barrett_reduce[0]
Matching 1 overrides of  ml_dsa/b7ee2aad::algebra[0]::{impl#6}[0]::barrett_reduce[0] ...
Branching on 1 override variants of ml_dsa/b7ee2aad::algebra[0]::{impl#6}[0]::barrett_reduce[0] ...
Applied override! ml_dsa/b7ee2aad::algebra[0]::{impl#6}[0]::barrett_reduce[0]
Matching 1 overrides of  ml_dsa/b7ee2aad::algebra[0]::{impl#6}[0]::barrett_reduce[0] ...
Branching on 1 override variants of ml_dsa/b7ee2aad::algebra[0]::{impl#6}[0]::barrett_reduce[0] ...
Applied override! ml_dsa/b7ee2aad::algebra[0]::{impl#6}[0]::barrett_reduce[0]
Matching 1 overrides of  ml_dsa/b7ee2aad::algebra[0]::{impl#6}[0]::barrett_reduce[0] ...
Branching on 1 override variants of ml_dsa/b7ee2aad::algebra[0]::{impl#6}[0]::barrett_reduce[0] ...
Applied override! ml_dsa/b7ee2aad::algebra[0]::{impl#6}[0]::barrett_reduce[0]
Matching 1 overrides of  ml_dsa/b7ee2aad::algebra[0]::{impl#6}[0]::barrett_reduce[0] ...
Branching on 1 override variants of ml_dsa/b7ee2aad::algebra[0]::{impl#6}[0]::barrett_reduce[0] ...
Applied override! ml_dsa/b7ee2aad::algebra[0]::{impl#6}[0]::barrett_reduce[0]
Matching 1 overrides of  ml_dsa/b7ee2aad::algebra[0]::{impl#6}[0]::barrett_reduce[0] ...
Branching on 1 override variants of ml_dsa/b7ee2aad::algebra[0]::{impl#6}[0]::barrett_reduce[0] ...
Applied override! ml_dsa/b7ee2aad::algebra[0]::{impl#6}[0]::barrett_reduce[0]
Matching 1 overrides of  ml_dsa/b7ee2aad::algebra[0]::{impl#6}[0]::barrett_reduce[0] ...
Branching on 1 override variants of ml_dsa/b7ee2aad::algebra[0]::{impl#6}[0]::barrett_reduce[0] ...
Applied override! ml_dsa/b7ee2aad::algebra[0]::{impl#6}[0]::barrett_reduce[0]
Matching 1 overrides of  ml_dsa/b7ee2aad::algebra[0]::{impl#6}[0]::barrett_reduce[0] ...
Branching on 1 override variants of ml_dsa/b7ee2aad::algebra[0]::{impl#6}[0]::barrett_reduce[0] ...
Applied override! ml_dsa/b7ee2aad::algebra[0]::{impl#6}[0]::barrett_reduce[0]
Matching 1 overrides of  ml_dsa/b7ee2aad::algebra[0]::{impl#6}[0]::barrett_reduce[0] ...
Branching on 1 override variants of ml_dsa/b7ee2aad::algebra[0]::{impl#6}[0]::barrett_reduce[0] ...
Applied override! ml_dsa/b7ee2aad::algebra[0]::{impl#6}[0]::barrett_reduce[0]
Matching 1 overrides of  ml_dsa/b7ee2aad::algebra[0]::{impl#6}[0]::barrett_reduce[0] ...
Branching on 1 override variants of ml_dsa/b7ee2aad::algebra[0]::{impl#6}[0]::barrett_reduce[0] ...
Applied override! ml_dsa/b7ee2aad::algebra[0]::{impl#6}[0]::barrett_reduce[0]
Matching 1 overrides of  ml_dsa/b7ee2aad::algebra[0]::{impl#6}[0]::barrett_reduce[0] ...
Branching on 1 override variants of ml_dsa/b7ee2aad::algebra[0]::{impl#6}[0]::barrett_reduce[0] ...
Applied override! ml_dsa/b7ee2aad::algebra[0]::{impl#6}[0]::barrett_reduce[0]
Matching 1 overrides of  ml_dsa/b7ee2aad::algebra[0]::{impl#6}[0]::barrett_reduce[0] ...
Branching on 1 override variants of ml_dsa/b7ee2aad::algebra[0]::{impl#6}[0]::barrett_reduce[0] ...
Applied override! ml_dsa/b7ee2aad::algebra[0]::{impl#6}[0]::barrett_reduce[0]
Matching 1 overrides of  ml_dsa/b7ee2aad::algebra[0]::{impl#6}[0]::barrett_reduce[0] ...
Branching on 1 override variants of ml_dsa/b7ee2aad::algebra[0]::{impl#6}[0]::barrett_reduce[0] ...
Applied override! ml_dsa/b7ee2aad::algebra[0]::{impl#6}[0]::barrett_reduce[0]
Matching 1 overrides of  ml_dsa/b7ee2aad::algebra[0]::{impl#6}[0]::barrett_reduce[0] ...
Branching on 1 override variants of ml_dsa/b7ee2aad::algebra[0]::{impl#6}[0]::barrett_reduce[0] ...
Applied override! ml_dsa/b7ee2aad::algebra[0]::{impl#6}[0]::barrett_reduce[0]
Matching 1 overrides of  ml_dsa/b7ee2aad::algebra[0]::{impl#6}[0]::barrett_reduce[0] ...
Branching on 1 override variants of ml_dsa/b7ee2aad::algebra[0]::{impl#6}[0]::barrett_reduce[0] ...
Applied override! ml_dsa/b7ee2aad::algebra[0]::{impl#6}[0]::barrett_reduce[0]
Matching 1 overrides of  ml_dsa/b7ee2aad::algebra[0]::{impl#6}[0]::barrett_reduce[0] ...
Branching on 1 override variants of ml_dsa/b7ee2aad::algebra[0]::{impl#6}[0]::barrett_reduce[0] ...
Applied override! ml_dsa/b7ee2aad::algebra[0]::{impl#6}[0]::barrett_reduce[0]
Matching 1 overrides of  ml_dsa/b7ee2aad::algebra[0]::{impl#6}[0]::barrett_reduce[0] ...
Branching on 1 override variants of ml_dsa/b7ee2aad::algebra[0]::{impl#6}[0]::barrett_reduce[0] ...
Applied override! ml_dsa/b7ee2aad::algebra[0]::{impl#6}[0]::barrett_reduce[0]
Matching 1 overrides of  ml_dsa/b7ee2aad::algebra[0]::{impl#6}[0]::barrett_reduce[0] ...
Branching on 1 override variants of ml_dsa/b7ee2aad::algebra[0]::{impl#6}[0]::barrett_reduce[0] ...
Applied override! ml_dsa/b7ee2aad::algebra[0]::{impl#6}[0]::barrett_reduce[0]
Matching 1 overrides of  ml_dsa/b7ee2aad::algebra[0]::{impl#6}[0]::barrett_reduce[0] ...
Branching on 1 override variants of ml_dsa/b7ee2aad::algebra[0]::{impl#6}[0]::barrett_reduce[0] ...
Applied override! ml_dsa/b7ee2aad::algebra[0]::{impl#6}[0]::barrett_reduce[0]
Matching 1 overrides of  ml_dsa/b7ee2aad::algebra[0]::{impl#6}[0]::barrett_reduce[0] ...
Branching on 1 override variants of ml_dsa/b7ee2aad::algebra[0]::{impl#6}[0]::barrett_reduce[0] ...
Applied override! ml_dsa/b7ee2aad::algebra[0]::{impl#6}[0]::barrett_reduce[0]
Matching 1 overrides of  ml_dsa/b7ee2aad::algebra[0]::{impl#6}[0]::barrett_reduce[0] ...
Branching on 1 override variants of ml_dsa/b7ee2aad::algebra[0]::{impl#6}[0]::barrett_reduce[0] ...
Applied override! ml_dsa/b7ee2aad::algebra[0]::{impl#6}[0]::barrett_reduce[0]
Matching 1 overrides of  ml_dsa/b7ee2aad::algebra[0]::{impl#6}[0]::barrett_reduce[0] ...
Branching on 1 override variants of ml_dsa/b7ee2aad::algebra[0]::{impl#6}[0]::barrett_reduce[0] ...
Applied override! ml_dsa/b7ee2aad::algebra[0]::{impl#6}[0]::barrett_reduce[0]
Matching 1 overrides of  ml_dsa/b7ee2aad::algebra[0]::{impl#6}[0]::barrett_reduce[0] ...
Branching on 1 override variants of ml_dsa/b7ee2aad::algebra[0]::{impl#6}[0]::barrett_reduce[0] ...
Applied override! ml_dsa/b7ee2aad::algebra[0]::{impl#6}[0]::barrett_reduce[0]
Matching 1 overrides of  ml_dsa/b7ee2aad::algebra[0]::{impl#6}[0]::barrett_reduce[0] ...
Branching on 1 override variants of ml_dsa/b7ee2aad::algebra[0]::{impl#6}[0]::barrett_reduce[0] ...
Applied override! ml_dsa/b7ee2aad::algebra[0]::{impl#6}[0]::barrett_reduce[0]
Matching 1 overrides of  ml_dsa/b7ee2aad::algebra[0]::{impl#6}[0]::barrett_reduce[0] ...
Branching on 1 override variants of ml_dsa/b7ee2aad::algebra[0]::{impl#6}[0]::barrett_reduce[0] ...
Applied override! ml_dsa/b7ee2aad::algebra[0]::{impl#6}[0]::barrett_reduce[0]
Matching 1 overrides of  ml_dsa/b7ee2aad::algebra[0]::{impl#6}[0]::barrett_reduce[0] ...
Branching on 1 override variants of ml_dsa/b7ee2aad::algebra[0]::{impl#6}[0]::barrett_reduce[0] ...
Applied override! ml_dsa/b7ee2aad::algebra[0]::{impl#6}[0]::barrett_reduce[0]
Matching 1 overrides of  ml_dsa/b7ee2aad::algebra[0]::{impl#6}[0]::barrett_reduce[0] ...
Branching on 1 override variants of ml_dsa/b7ee2aad::algebra[0]::{impl#6}[0]::barrett_reduce[0] ...
Applied override! ml_dsa/b7ee2aad::algebra[0]::{impl#6}[0]::barrett_reduce[0]
Matching 1 overrides of  ml_dsa/b7ee2aad::algebra[0]::{impl#6}[0]::barrett_reduce[0] ...
Branching on 1 override variants of ml_dsa/b7ee2aad::algebra[0]::{impl#6}[0]::barrett_reduce[0] ...
Applied override! ml_dsa/b7ee2aad::algebra[0]::{impl#6}[0]::barrett_reduce[0]
Symbolic simulation completed with side conditions.
Checking proof obligations ml_dsa/b7ee2aad::ntt[0]::ntt_layer[0]::_inst4c08bb177e505583[0] ...
